12:29:49 795548
12:29:51 794130
12:29:53 794383
12:29:55 794529
12:29:57 794536
12:29:59 794514
12:30:01 794509
12:30:03 794486
12:30:05 794433
12:30:07 794130
12:30:09 793931
12:30:11 794043
12:30:13 793023
12:30:15 794466
12:30:17 793326
12:30:19 793325
12:30:21 793325
12:30:23 793280
12:30:25 793349
12:30:27 793596
12:30:29 793510
12:30:31 793385
12:30:33 793285
12:30:35 793235
12:30:37 793004
12:30:39 794037
12:30:41 792865
12:30:43 793033
12:30:45 793036
12:30:47 793038
12:30:49 793037
12:30:51 792932
12:30:53 792829
12:30:55 792718
12:30:57 792652
12:30:59 793401
12:31:01 792334
12:31:03 792204
12:31:05 792230
12:31:07 792216
12:31:09 792270
12:31:11 792195
12:31:13 792170
12:31:15 792189
12:31:17 792139
12:31:19 792105
12:31:21 791716
12:31:23 792501
12:31:25 791646
12:31:27 791515
12:31:29 791647
12:31:31 791776
12:31:33 791776
12:31:35 791730
12:31:37 791674
12:31:39 791625
12:31:41 791622
12:31:43 791148
12:31:45 791448
12:31:47 791047
12:31:49 791047
12:31:51 791050
12:31:54 790925
12:31:56 790924
12:31:58 790379
12:32:00 790374
12:32:02 790579
12:32:04 790635
12:32:06 790625
12:32:08 791118
12:32:10 790519
12:32:12 789838
12:32:14 789770
12:32:16 789616
12:32:18 789807
12:32:20 789776
12:32:22 789727
12:32:24 789725
12:32:26 789583
12:32:28 789471
12:32:30 789275
12:32:37 982975
12:32:39 981501
12:32:41 981628
12:32:43 982084
12:32:45 982077
12:32:47 982091
12:32:49 981967
12:32:51 981839
12:32:53 981718
12:32:55 981713
12:32:57 981567
12:32:59 981554
12:33:01 982466
12:33:03 981312
12:33:05 981495
12:33:07 981510
12:33:09 981640
12:33:11 981768
12:33:13 981773
12:33:15 981779
12:33:17 981827
12:33:19 981848
12:33:21 981960
12:33:23 981145
12:33:25 982774
12:33:27 981117
12:33:29 980552
12:33:31 980563
12:33:33 980568
12:33:35 980275
12:33:37 980625
12:33:39 980566
12:33:41 980455
12:33:43 980363
12:33:45 980268
12:33:47 980175
12:33:49 980164
12:33:51 978892
12:33:53 980866
12:33:55 980031
12:33:57 980034
12:33:59 980012
12:34:01 980011
12:34:03 980010
12:34:05 979983
12:34:07 979774
12:34:09 979853
12:34:11 979694
